<?xml version="1.0" encoding="UTF-8"?>
<!-- Generated by org.testng.reporters.JUnitReportReporter -->
<testsuite hostname="DESKTOP-E3GEJ0V" failures="0" tests="2" name="zerodha.com.test.classes.Scenario4.Zerodha_TestClass1" time="26.484" errors="0" timestamp="2021-06-23T15:53:15 IST" skipped="0">
  <testcase classname="zerodha.com.test.classes.Scenario4.Zerodha_TestClass1" name="VerifyMarketOrder" time="14.379"/>
  <system-out/>
  <testcase classname="zerodha.com.test.classes.Scenario4.Zerodha_TestClass1" name="VerifyMarketOrder" time="12.105"/>
  <system-out/>
</testsuite> <!-- zerodha.com.test.classes.Scenario4.Zerodha_TestClass1 -->
